Flutter crash report.
Please report a bug at https://github.com/flutter/flutter/issues.

## command

flutter create --org com.renewbiz timebox_planner_app

## exception

PathAccessException: PathAccessException: Cannot create file, path = 'C:\Users\orang\OneDrive\100 RENEWBIZ AI LAB\нғҖмһ„л°•мҠӨ н”Ңлһҳл„Ҳ м–ҙн”Ң\timebox_planner_app\macos\Runner\MainFlutterWindow.swift' (OS Error: лӢӨлҘё н”„лЎңм„ёмҠӨк°Җ нҢҢмқјмқ„ мӮ¬мҡ© мӨ‘мқҙкё° л•Ңл¬ём—җ н”„лЎңм„ёмҠӨк°Җ м•Ўм„ёмҠӨ н•  мҲҳ м—ҶмҠөлӢҲлӢӨ, errno = 32)

```
#0      _File.throwIfError (dart:io/file_impl.dart:779:7)
#1      _File.createSync (dart:io/file_impl.dart:340:5)
#2      ForwardingFile.createSync (package:file/src/forwarding/forwarding_file.dart:26:16)
#3      ErrorHandlingFile.createSync.<anonymous closure> (package:flutter_tools/src/base/error_handling_io.dart:265:22)
#4      _runSync (package:flutter_tools/src/base/error_handling_io.dart:552:14)
#5      ErrorHandlingFile.createSync (package:flutter_tools/src/base/error_handling_io.dart:264:5)
#6      Template.render.<anonymous closure> (package:flutter_tools/src/template.dart:350:28)
#7      _LinkedHashMapMixin.forEach (dart:_compact_hash:765:13)
#8      Template.render (package:flutter_tools/src/template.dart:310:24)
#9      CreateBase.renderMerged (package:flutter_tools/src/commands/create_base.dart:444:21)
<asynchronous suspension>
#10     CreateBase.generateApp (package:flutter_tools/src/commands/create_base.dart:467:23)
<asynchronous suspension>
#11     CreateCommand.runCommand (package:flutter_tools/src/commands/create.dart:482:31)
<asynchronous suspension>
#12     FlutterCommand.run.<anonymous closure> (package:flutter_tools/src/runner/flutter_command.dart:1590:27)
<asynchronous suspension>
#13     AppContext.run.<anonymous closure> (package:flutter_tools/src/base/context.dart:154:19)
<asynchronous suspension>
#14     CommandRunner.runCommand (package:args/command_runner.dart:212:13)
<asynchronous suspension>
#15     FlutterCommandRunner.runCommand.<anonymous closure> (package:flutter_tools/src/runner/flutter_command_runner.dart:496:9)
<asynchronous suspension>
#16     AppContext.run.<anonymous closure> (package:flutter_tools/src/base/context.dart:154:19)
<asynchronous suspension>
#17     FlutterCommandRunner.runCommand (package:flutter_tools/src/runner/flutter_command_runner.dart:431:5)
<asynchronous suspension>
#18     FlutterCommandRunner.run.<anonymous closure> (package:flutter_tools/src/runner/flutter_command_runner.dart:307:33)
<asynchronous suspension>
#19     run.<anonymous closure>.<anonymous closure> (package:flutter_tools/runner.dart:104:11)
<asynchronous suspension>
#20     AppContext.run.<anonymous closure> (package:flutter_tools/src/base/context.dart:154:19)
<asynchronous suspension>
#21     main (package:flutter_tools/executable.dart:103:3)
<asynchronous suspension>
```

## flutter doctor

```
[33m[!][39m Flutter (Channel stable, 3.41.4, on Microsoft Windows [Version 10.0.26200.8037], locale ko-KR) [595ms]
    [32mвҖў[39m Flutter version 3.41.4 on channel stable at C:\src\flutter
    [33m![39m The flutter binary is not on your path. Consider adding C:\src\flutter\bin to your path.
    [33m![39m The dart binary is not on your path. Consider adding C:\src\flutter\bin to your path.
    [32mвҖў[39m Upstream repository https://github.com/flutter/flutter.git
    [32mвҖў[39m Framework revision ff37bef603 (2 weeks ago), 2026-03-03 16:03:22 -0800
    [32mвҖў[39m Engine revision e4b8dca3f1
    [32mвҖў[39m Dart version 3.11.1
    [32mвҖў[39m DevTools version 2.54.1
    [32mвҖў[39m Feature flags: enable-web, enable-linux-desktop, enable-macos-desktop, enable-windows-desktop, enable-android, enable-ios,
      cli-animations, enable-native-assets, omit-legacy-version-file, enable-lldb-debugging, enable-uiscene-migration
    [32mвҖў[39m If those were intentional, you can disregard the above warnings; however it is recommended to use "git" directly to perform
      update checks and upgrades.

[32m[вң“][39m Windows Version (11 Pro 64-bit, 25H2, 2009) [5.2s]

[33m[!][39m Android toolchain - develop for Android devices (Android SDK version 36.1.0) [2.4s]
    [32mвҖў[39m Android SDK at C:\Users\orang\AppData\Local\Android\sdk
    [32mвҖў[39m Emulator version 36.4.10.0 (build_id 15004761) (CL:N/A)
    [31mвң—[39m cmdline-tools component is missing.
      Try installing or updating Android Studio.
      Alternatively, download the tools from https://developer.android.com/studio#command-line-tools-only and make sure to set the
      ANDROID_HOME environment variable.
      See https://developer.android.com/studio/command-line for more details.
    [31mвң—[39m Android license status unknown.
      Run `flutter doctor --android-licenses` to accept the SDK licenses.
      See https://flutter.dev/to/windows-android-setup for more details.

[32m[вң“][39m Chrome - develop for the web [25ms]
    [32mвҖў[39m Chrome at C:\Program Files\Google\Chrome\Application\chrome.exe

[31m[вң—][39m Visual Studio - develop Windows apps [22ms]
    [31mвң—[39m Visual Studio not installed; this is necessary to develop Windows apps.
      Download at https://visualstudio.microsoft.com/downloads/.
      Please install the "Desktop development with C++" workload, including all of its default components

[32m[вң“][39m Connected device (3 available) [2.9s]
    [32mвҖў[39m Windows (desktop) вҖў windows вҖў windows-x64    вҖў Microsoft Windows [Version 10.0.26200.8037]
    [32mвҖў[39m Chrome (web)      вҖў chrome  вҖў web-javascript вҖў Google Chrome 146.0.7680.80
    [32mвҖў[39m Edge (web)        вҖў edge    вҖў web-javascript вҖў Microsoft Edge 146.0.3856.59

[32m[вң“][39m Network resources [668ms]
    [32mвҖў[39m All expected network resources are available.

[33m![39m Doctor found issues in 3 categories.
```
